{"C:\\programacion\\react-ts\\PERN\\backend\\src\\router.ts": {"path":"C:\\programacion\\react-ts\\PERN\\backend\\src\\router.ts","statementMap":{"0":{"start":{"line":1,"column":0},"end":{"line":1,"column":33}},"1":{"start":{"line":2,"column":0},"end":{"line":2,"column":140}},"2":{"start":{"line":3,"column":0},"end":{"line":3,"column":48}},"3":{"start":{"line":4,"column":0},"end":{"line":4,"column":48}},"4":{"start":{"line":6,"column":16},"end":{"line":6,"column":24}},"5":{"start":{"line":8,"column":0},"end":{"line":8,"column":null}},"6":{"start":{"line":10,"column":0},"end":{"line":13,"column":null}},"7":{"start":{"line":15,"column":0},"end":{"line":23,"column":15}},"8":{"start":{"line":21,"column":23},"end":{"line":21,"column":32}},"9":{"start":{"line":25,"column":0},"end":{"line":37,"column":null}},"10":{"start":{"line":32,"column":27},"end":{"line":32,"column":36}},"11":{"start":{"line":39,"column":0},"end":{"line":43,"column":null}},"12":{"start":{"line":45,"column":0},"end":{"line":49,"column":null}},"13":{"start":{"line":52,"column":0},"end":{"line":52,"column":22}}},"fnMap":{"0":{"name":"(anonymous_0)","decl":{"start":{"line":21,"column":12},"end":{"line":21,"column":13}},"loc":{"start":{"line":21,"column":23},"end":{"line":21,"column":32}}},"1":{"name":"(anonymous_1)","decl":{"start":{"line":32,"column":16},"end":{"line":32,"column":17}},"loc":{"start":{"line":32,"column":27},"end":{"line":32,"column":36}}}},"branchMap":{},"s":{"0":2,"1":2,"2":2,"3":2,"4":2,"5":2,"6":2,"7":2,"8":4,"9":2,"10":5,"11":2,"12":2,"13":2},"f":{"0":4,"1":5},"b":{}}
,"C:\\programacion\\react-ts\\PERN\\backend\\src\\server.ts": {"path":"C:\\programacion\\react-ts\\PERN\\backend\\src\\server.ts","statementMap":{"0":{"start":{"line":1,"column":0},"end":{"line":1,"column":30}},"1":{"start":{"line":2,"column":0},"end":{"line":2,"column":37}},"2":{"start":{"line":3,"column":0},"end":{"line":3,"column":28}},"3":{"start":{"line":8,"column":4},"end":{"line":15,"column":5}},"4":{"start":{"line":9,"column":8},"end":{"line":9,"column":null}},"5":{"start":{"line":10,"column":8},"end":{"line":10,"column":null}},"6":{"start":{"line":11,"column":8},"end":{"line":11,"column":null}},"7":{"start":{"line":14,"column":8},"end":{"line":14,"column":null}},"8":{"start":{"line":7,"column":0},"end":{"line":7,"column":7}},"9":{"start":{"line":17,"column":0},"end":{"line":17,"column":null}},"10":{"start":{"line":21,"column":15},"end":{"line":21,"column":24}},"11":{"start":{"line":25,"column":0},"end":{"line":25,"column":27}},"12":{"start":{"line":29,"column":0},"end":{"line":29,"column":43}},"13":{"start":{"line":33,"column":0},"end":{"line":35,"column":null}},"14":{"start":{"line":34,"column":4},"end":{"line":34,"column":null}},"15":{"start":{"line":38,"column":0},"end":{"line":38,"column":22}}},"fnMap":{"0":{"name":"connectDB","decl":{"start":{"line":7,"column":22},"end":{"line":7,"column":31}},"loc":{"start":{"line":7,"column":31},"end":{"line":16,"column":1}}},"1":{"name":"(anonymous_2)","decl":{"start":{"line":33,"column":19},"end":{"line":33,"column":20}},"loc":{"start":{"line":33,"column":32},"end":{"line":35,"column":1}}}},"branchMap":{},"s":{"0":2,"1":2,"2":2,"3":3,"4":3,"5":3,"6":2,"7":1,"8":2,"9":2,"10":2,"11":2,"12":2,"13":2,"14":1,"15":2},"f":{"0":3,"1":1},"b":{}}
,"C:\\programacion\\react-ts\\PERN\\backend\\src\\config\\db.ts": {"path":"C:\\programacion\\react-ts\\PERN\\backend\\src\\config\\db.ts","statementMap":{"0":{"start":{"line":1,"column":0},"end":{"line":1,"column":49}},"1":{"start":{"line":2,"column":0},"end":{"line":2,"column":28}},"2":{"start":{"line":3,"column":0},"end":{"line":3,"column":null}},"3":{"start":{"line":5,"column":12},"end":{"line":5,"column":30}},"4":{"start":{"line":7,"column":11},"end":{"line":10,"column":2}},"5":{"start":{"line":12,"column":0},"end":{"line":12,"column":18}}},"fnMap":{},"branchMap":{},"s":{"0":2,"1":2,"2":2,"3":2,"4":2,"5":2},"f":{},"b":{}}
,"C:\\programacion\\react-ts\\PERN\\backend\\src\\handlers\\products.handler.ts": {"path":"C:\\programacion\\react-ts\\PERN\\backend\\src\\handlers\\products.handler.ts","statementMap":{"0":{"start":{"line":2,"column":0},"end":{"line":2,"column":46}},"1":{"start":{"line":5,"column":27},"end":{"line":25,"column":1}},"2":{"start":{"line":7,"column":21},"end":{"line":18,"column":6}},"3":{"start":{"line":20,"column":4},"end":{"line":23,"column":null}},"4":{"start":{"line":5,"column":13},"end":{"line":5,"column":27}},"5":{"start":{"line":27,"column":31},"end":{"line":43,"column":1}},"6":{"start":{"line":29,"column":19},"end":{"line":29,"column":29}},"7":{"start":{"line":30,"column":20},"end":{"line":30,"column":46}},"8":{"start":{"line":32,"column":4},"end":{"line":37,"column":5}},"9":{"start":{"line":33,"column":8},"end":{"line":36,"column":null}},"10":{"start":{"line":39,"column":4},"end":{"line":42,"column":null}},"11":{"start":{"line":27,"column":13},"end":{"line":27,"column":31}},"12":{"start":{"line":45,"column":29},"end":{"line":53,"column":1}},"13":{"start":{"line":47,"column":20},"end":{"line":47,"column":50}},"14":{"start":{"line":48,"column":4},"end":{"line":51,"column":7}},"15":{"start":{"line":45,"column":13},"end":{"line":45,"column":29}},"16":{"start":{"line":55,"column":29},"end":{"line":77,"column":1}},"17":{"start":{"line":57,"column":19},"end":{"line":57,"column":29}},"18":{"start":{"line":58,"column":24},"end":{"line":58,"column":50}},"19":{"start":{"line":60,"column":8},"end":{"line":65,"column":9}},"20":{"start":{"line":61,"column":12},"end":{"line":64,"column":null}},"21":{"start":{"line":69,"column":8},"end":{"line":69,"column":39}},"22":{"start":{"line":70,"column":8},"end":{"line":70,"column":29}},"23":{"start":{"line":72,"column":8},"end":{"line":75,"column":11}},"24":{"start":{"line":55,"column":13},"end":{"line":55,"column":29}},"25":{"start":{"line":79,"column":34},"end":{"line":100,"column":1}},"26":{"start":{"line":81,"column":19},"end":{"line":81,"column":29}},"27":{"start":{"line":82,"column":20},"end":{"line":82,"column":46}},"28":{"start":{"line":84,"column":4},"end":{"line":89,"column":5}},"29":{"start":{"line":85,"column":8},"end":{"line":88,"column":null}},"30":{"start":{"line":92,"column":4},"end":{"line":92,"column":null}},"31":{"start":{"line":93,"column":4},"end":{"line":93,"column":25}},"32":{"start":{"line":95,"column":4},"end":{"line":98,"column":7}},"33":{"start":{"line":79,"column":13},"end":{"line":79,"column":34}},"34":{"start":{"line":102,"column":29},"end":{"line":121,"column":1}},"35":{"start":{"line":104,"column":19},"end":{"line":104,"column":29}},"36":{"start":{"line":105,"column":20},"end":{"line":105,"column":46}},"37":{"start":{"line":107,"column":4},"end":{"line":112,"column":5}},"38":{"start":{"line":108,"column":8},"end":{"line":111,"column":null}},"39":{"start":{"line":114,"column":4},"end":{"line":114,"column":28}},"40":{"start":{"line":116,"column":4},"end":{"line":119,"column":7}},"41":{"start":{"line":102,"column":13},"end":{"line":102,"column":29}}},"fnMap":{"0":{"name":"(anonymous_1)","decl":{"start":{"line":5,"column":27},"end":{"line":5,"column":32}},"loc":{"start":{"line":5,"column":63},"end":{"line":25,"column":1}}},"1":{"name":"(anonymous_2)","decl":{"start":{"line":27,"column":31},"end":{"line":27,"column":36}},"loc":{"start":{"line":27,"column":67},"end":{"line":43,"column":1}}},"2":{"name":"(anonymous_3)","decl":{"start":{"line":45,"column":29},"end":{"line":45,"column":34}},"loc":{"start":{"line":45,"column":66},"end":{"line":53,"column":1}}},"3":{"name":"(anonymous_4)","decl":{"start":{"line":55,"column":29},"end":{"line":55,"column":34}},"loc":{"start":{"line":55,"column":63},"end":{"line":77,"column":1}}},"4":{"name":"(anonymous_5)","decl":{"start":{"line":79,"column":34},"end":{"line":79,"column":39}},"loc":{"start":{"line":79,"column":68},"end":{"line":100,"column":1}}},"5":{"name":"(anonymous_6)","decl":{"start":{"line":102,"column":29},"end":{"line":102,"column":34}},"loc":{"start":{"line":102,"column":63},"end":{"line":121,"column":1}}}},"branchMap":{"0":{"loc":{"start":{"line":32,"column":4},"end":{"line":37,"column":5}},"type":"if","locations":[{"start":{"line":32,"column":4},"end":{"line":37,"column":5}}]},"1":{"loc":{"start":{"line":60,"column":8},"end":{"line":65,"column":9}},"type":"if","locations":[{"start":{"line":60,"column":8},"end":{"line":65,"column":9}}]},"2":{"loc":{"start":{"line":84,"column":4},"end":{"line":89,"column":5}},"type":"if","locations":[{"start":{"line":84,"column":4},"end":{"line":89,"column":5}}]},"3":{"loc":{"start":{"line":107,"column":4},"end":{"line":112,"column":5}},"type":"if","locations":[{"start":{"line":107,"column":4},"end":{"line":112,"column":5}}]}},"s":{"0":2,"1":2,"2":2,"3":2,"4":2,"5":2,"6":2,"7":2,"8":2,"9":1,"10":1,"11":2,"12":2,"13":1,"14":1,"15":2,"16":2,"17":2,"18":2,"19":2,"20":1,"21":1,"22":1,"23":1,"24":2,"25":2,"26":2,"27":2,"28":2,"29":1,"30":1,"31":1,"32":1,"33":2,"34":2,"35":2,"36":2,"37":2,"38":1,"39":1,"40":1,"41":2},"f":{"0":2,"1":2,"2":1,"3":2,"4":2,"5":2},"b":{"0":[1],"1":[1],"2":[1],"3":[1]}}
,"C:\\programacion\\react-ts\\PERN\\backend\\src\\middleware\\index.ts": {"path":"C:\\programacion\\react-ts\\PERN\\backend\\src\\middleware\\index.ts","statementMap":{"0":{"start":{"line":2,"column":0},"end":{"line":2,"column":53}},"1":{"start":{"line":4,"column":32},"end":{"line":17,"column":1}},"2":{"start":{"line":6,"column":17},"end":{"line":6,"column":38}},"3":{"start":{"line":8,"column":4},"end":{"line":13,"column":5}},"4":{"start":{"line":9,"column":8},"end":{"line":12,"column":null}},"5":{"start":{"line":15,"column":4},"end":{"line":15,"column":11}},"6":{"start":{"line":4,"column":13},"end":{"line":4,"column":32}}},"fnMap":{"0":{"name":"(anonymous_0)","decl":{"start":{"line":4,"column":32},"end":{"line":4,"column":33}},"loc":{"start":{"line":4,"column":83},"end":{"line":17,"column":1}}}},"branchMap":{"0":{"loc":{"start":{"line":8,"column":4},"end":{"line":13,"column":5}},"type":"if","locations":[{"start":{"line":8,"column":4},"end":{"line":13,"column":5}}]}},"s":{"0":2,"1":2,"2":17,"3":17,"4":8,"5":9,"6":2},"f":{"0":17},"b":{"0":[8]}}
,"C:\\programacion\\react-ts\\PERN\\backend\\src\\models\\Product.model.ts": {"path":"C:\\programacion\\react-ts\\PERN\\backend\\src\\models\\Product.model.ts","statementMap":{"0":{"start":{"line":1,"column":0},"end":{"line":1,"column":null}},"1":{"start":{"line":13,"column":0},"end":{"line":29,"column":null}},"2":{"start":{"line":17,"column":12},"end":{"line":17,"column":null}},"3":{"start":{"line":22,"column":12},"end":{"line":22,"column":null}},"4":{"start":{"line":28,"column":12},"end":{"line":28,"column":null}},"5":{"start":{"line":13,"column":6},"end":{"line":29,"column":null}},"6":{"start":{"line":31,"column":0},"end":{"line":31,"column":23}}},"fnMap":{},"branchMap":{},"s":{"0":3,"1":3,"2":3,"3":3,"4":3,"5":3,"6":3},"f":{},"b":{}}
}
