TN:
SF:src\router.ts
FN:21,(anonymous_0)
FN:32,(anonymous_1)
FNF:2
FNH:2
FNDA:4,(anonymous_0)
FNDA:5,(anonymous_1)
DA:1,2
DA:2,2
DA:3,2
DA:4,2
DA:6,2
DA:8,2
DA:10,2
DA:15,2
DA:21,4
DA:25,2
DA:32,5
DA:39,2
DA:45,2
DA:52,2
LF:14
LH:14
BRF:0
BRH:0
end_of_record
TN:
SF:src\server.ts
FN:7,connectDB
FN:33,(anonymous_2)
FNF:2
FNH:2
FNDA:3,connectDB
FNDA:1,(anonymous_2)
DA:1,2
DA:2,2
DA:3,2
DA:7,2
DA:8,3
DA:9,3
DA:10,3
DA:11,2
DA:14,1
DA:17,2
DA:21,2
DA:25,2
DA:29,2
DA:33,2
DA:34,1
DA:38,2
LF:16
LH:16
BRF:0
BRH:0
end_of_record
TN:
SF:src\config\db.ts
FNF:0
FNH:0
DA:1,2
DA:2,2
DA:3,2
DA:5,2
DA:7,2
DA:12,2
LF:6
LH:6
BRF:0
BRH:0
end_of_record
TN:
SF:src\handlers\products.handler.ts
FN:5,(anonymous_1)
FN:27,(anonymous_2)
FN:45,(anonymous_3)
FN:55,(anonymous_4)
FN:79,(anonymous_5)
FN:102,(anonymous_6)
FNF:6
FNH:6
FNDA:2,(anonymous_1)
FNDA:2,(anonymous_2)
FNDA:1,(anonymous_3)
FNDA:2,(anonymous_4)
FNDA:2,(anonymous_5)
FNDA:2,(anonymous_6)
DA:2,2
DA:5,2
DA:7,2
DA:20,2
DA:27,2
DA:29,2
DA:30,2
DA:32,2
DA:33,1
DA:39,1
DA:45,2
DA:47,1
DA:48,1
DA:55,2
DA:57,2
DA:58,2
DA:60,2
DA:61,1
DA:69,1
DA:70,1
DA:72,1
DA:79,2
DA:81,2
DA:82,2
DA:84,2
DA:85,1
DA:92,1
DA:93,1
DA:95,1
DA:102,2
DA:104,2
DA:105,2
DA:107,2
DA:108,1
DA:114,1
DA:116,1
LF:36
LH:36
BRDA:32,0,0,1
BRDA:60,1,0,1
BRDA:84,2,0,1
BRDA:107,3,0,1
BRF:4
BRH:4
end_of_record
TN:
SF:src\middleware\index.ts
FN:4,(anonymous_0)
FNF:1
FNH:1
FNDA:17,(anonymous_0)
DA:2,2
DA:4,2
DA:6,17
DA:8,17
DA:9,8
DA:15,9
LF:6
LH:6
BRDA:8,0,0,8
BRF:1
BRH:1
end_of_record
TN:
SF:src\models\Product.model.ts
FNF:0
FNH:0
DA:1,3
DA:13,3
DA:17,3
DA:22,3
DA:28,3
DA:31,3
LF:6
LH:6
BRF:0
BRH:0
end_of_record
